Using pre-set license
Built from '2020.3/staging' branch; Version is '2020.3.8f1 (507919d4fff5) revision 5273881'; Using compiler version '192528614'; Build Type 'Release'
OS: 'Windows 10 Education; OS build 19042.2006; Version 2009; 64bit' Language: 'en' Physical Memory: 24473 MB
BatchMode: 1, IsHumanControllingUs: 0, StartBugReporterOnCrash: 0, Is64bit: 1, IsPro: 0

 COMMAND LINE ARGUMENTS:
C:\Program Files\Unity\Hub\Editor\2020.3.8f1\Editor\Unity.exe
-adb2
-batchMode
-noUpm
-name
AssetImportWorker0
-projectPath
D:/Class Stuff/GAME Capstone/Game
-logFile
Logs/AssetImportWorker0.log
-srvPort
65408
Successfully changed project path to: D:/Class Stuff/GAME Capstone/Game
D:/Class Stuff/GAME Capstone/Game
Using Asset Import Pipeline V2.
Refreshing native plugins compatible for Editor in 30.48 ms, found 2 plugins.
Preloading 0 native plugins for Editor in 0.00 ms.
Initialize engine version: 2020.3.8f1 (507919d4fff5)
[Subsystems] Discovering subsystems at path C:/Program Files/Unity/Hub/Editor/2020.3.8f1/Editor/Data/Resources/UnitySubsystems
[Subsystems] Discovering subsystems at path D:/Class Stuff/GAME Capstone/Game/Assets
GfxDevice: creating device client; threaded=0
Direct3D:
    Version:  Direct3D 11.0 [level 11.1]
    Renderer: NVIDIA GeForce RTX 3070 (ID=0x2484)
    Vendor:   
    VRAM:     8043 MB
    Driver:   31.0.15.1659
Initialize mono
Mono path[0] = 'C:/Program Files/Unity/Hub/Editor/2020.3.8f1/Editor/Data/Managed'
Mono path[1] = 'C:/Program Files/Unity/Hub/Editor/2020.3.8f1/Editor/Data/MonoBleedingEdge/lib/mono/unityjit'
Mono config path = 'C:/Program Files/Unity/Hub/Editor/2020.3.8f1/Editor/Data/MonoBleedingEdge/etc'
Using monoOptions --debugger-agent=transport=dt_socket,embedding=1,server=y,suspend=n,address=127.0.0.1:56960
Begin MonoManager ReloadAssembly
Registering precompiled unity dll's ...
Register platform support module: C:/Program Files/Unity/Hub/Editor/2020.3.8f1/Editor/Data/PlaybackEngines/WindowsStandaloneSupport/UnityEditor.WindowsStandalone.Extensions.dll
Registered in 0.001414 seconds.
Native extension for WindowsStandalone target not found
Refreshing native plugins compatible for Editor in 29.92 ms, found 2 plugins.
Preloading 0 native plugins for Editor in 0.00 ms.
Mono: successfully reloaded assembly
- Completed reload, in  0.777 seconds
Platform modules already initialized, skipping
Registering precompiled user dll's ...
Registered in 0.001315 seconds.
Begin MonoManager ReloadAssembly
Native extension for WindowsStandalone target not found
Refreshing native plugins compatible for Editor in 0.36 ms, found 2 plugins.
Preloading 0 native plugins for Editor in 0.00 ms.
Mono: successfully reloaded assembly
- Completed reload, in  0.832 seconds
Platform modules already initialized, skipping
========================================================================
Worker process is ready to serve import requests
Launched and connected shader compiler UnityShaderCompiler.exe after 0.03 seconds
Refreshing native plugins compatible for Editor in 0.38 ms, found 2 plugins.
Preloading 0 native plugins for Editor in 0.00 ms.
Unloading 1914 Unused Serialized files (Serialized files now loaded: 0)
System memory in use before: 85.1 MB.
System memory in use after: 85.2 MB.

Unloading 16 unused Assets to reduce memory usage. Loaded Objects now: 2353.
Total: 1.702600 ms (FindLiveObjects: 0.163500 ms CreateObjectMapping: 0.058800 ms MarkObjects: 1.417100 ms  DeleteObjects: 0.062200 ms)

========================================================================
Received Import Request.
  path: Assets/Scenes/Clay's Testing Scene/ReflectionProbe-0.exr
  artifactKey: Guid(aa9381aa5a3b1fe419d1b65908eaf338) Importer(815301076,1909f56bfc062723c751e8b465ee728b)
Start importing Assets/Scenes/Clay's Testing Scene/ReflectionProbe-0.exr using Guid(aa9381aa5a3b1fe419d1b65908eaf338) Importer(815301076,1909f56bfc062723c751e8b465ee728b)  -> (artifact id: '5ac51b56b5260995738637b2bf688c1a') in 0.102976 seconds
  Import took 0.105239 seconds .

========================================================================
Received Import Request.
  Time since last request: 0.000172 seconds.
  path: Assets/Scenes/Clay's Testing Scene/NavMesh.asset
  artifactKey: Guid(57008a5e7ee62614591ae30be4a542c0) Importer(815301076,1909f56bfc062723c751e8b465ee728b)
Start importing Assets/Scenes/Clay's Testing Scene/NavMesh.asset using Guid(57008a5e7ee62614591ae30be4a542c0) Importer(815301076,1909f56bfc062723c751e8b465ee728b)  -> (artifact id: '13e66cc1cb2f189baec7e7ebb018deba') in 0.006211 seconds
  Import took 0.008776 seconds .

========================================================================
Received Import Request.
  Time since last request: 12.583245 seconds.
  path: Assets/Scripts/RatScript.cs
  artifactKey: Guid(38fb62c98f2a59f4b90d24d46a01d60a) Importer(815301076,1909f56bfc062723c751e8b465ee728b)
Start importing Assets/Scripts/RatScript.cs using Guid(38fb62c98f2a59f4b90d24d46a01d60a) Importer(815301076,1909f56bfc062723c751e8b465ee728b)  -> (artifact id: '1a0b157c7679b8905ff69d1d284e1a35') in 0.006118 seconds
  Import took 0.008656 seconds .

========================================================================
Received Import Request.
  Time since last request: 0.025197 seconds.
  path: Assets/Scripts/RatScript.cs
  artifactKey: Guid(38fb62c98f2a59f4b90d24d46a01d60a) Importer(815301076,1909f56bfc062723c751e8b465ee728b)
Start importing Assets/Scripts/RatScript.cs using Guid(38fb62c98f2a59f4b90d24d46a01d60a) Importer(815301076,1909f56bfc062723c751e8b465ee728b)  -> (artifact id: '1a0b157c7679b8905ff69d1d284e1a35') in 0.001244 seconds
  Import took 0.003843 seconds .

========================================================================
Received Import Request.
  Time since last request: 527.356671 seconds.
  path: Assets/Testing/Scripts/PlayerController.cs
  artifactKey: Guid(5e55f992a38d7f246aae3fc76d144283) Importer(815301076,1909f56bfc062723c751e8b465ee728b)
Start importing Assets/Testing/Scripts/PlayerController.cs using Guid(5e55f992a38d7f246aae3fc76d144283) Importer(815301076,1909f56bfc062723c751e8b465ee728b)  -> (artifact id: 'f304557a16d15016d7332342e0649e88') in 0.004146 seconds
  Import took 0.007177 seconds .

========================================================================
Received Import Request.
  Time since last request: 0.000770 seconds.
  path: Assets/Testing/Scripts/PlayerController.cs
  artifactKey: Guid(5e55f992a38d7f246aae3fc76d144283) Importer(815301076,1909f56bfc062723c751e8b465ee728b)
Start importing Assets/Testing/Scripts/PlayerController.cs using Guid(5e55f992a38d7f246aae3fc76d144283) Importer(815301076,1909f56bfc062723c751e8b465ee728b)  -> (artifact id: 'f304557a16d15016d7332342e0649e88') in 0.001160 seconds
  Import took 0.003413 seconds .

AssetImportWorkerClient::OnTransportError - code=2 error=End of file
